<?xml version="1.0" encoding="UTF-8"?>
<!-- Generated by org.testng.reporters.JUnitXMLReporter -->
<testsuite ignored="0" hostname="Desktop-Monitor-3rd-Floor-room3" failures="0" tests="3" name="Default test" time="5.022" errors="0" timestamp="2023-12-23T12:48:35 IST">
  <testcase classname="data_driven_testing.DemoB" name="login" time="1.875"/>
  <testcase classname="data_driven_testing.DemoB" name="login" time="1.635"/>
  <testcase classname="data_driven_testing.DemoB" name="login" time="1.459"/>
</testsuite> <!-- Default test -->
