<?xml version="1.0" encoding="UTF-8"?>
<!-- Generated by org.testng.reporters.JUnitXMLReporter -->
<testsuite ignored="0" hostname="Desktop-Monitor-3rd-Floor-room3" failures="0" tests="9" name="Test" time="18.05" errors="0" timestamp="2023-12-02T09:56:17 IST">
  <testcase classname="com.actitime.testscript.ProjectModule" name="createProject" time="0.006"/>
  <testcase classname="com.actitime.testscript.ProjectModule" name="deleteProject" time="0.003"/>
  <testcase classname="com.actitime.testscript.ProjectModule" name="modifyProject" time="0.002"/>
  <testcase classname="com.actitime.testscript.CustomerModule" name="createCustomer" time="0.002"/>
  <testcase classname="com.actitime.testscript.CustomerModule" name="deleteCustomer" time="0.002"/>
  <testcase classname="com.actitime.testscript.CustomerModule" name="modifyCustomer" time="0.002"/>
  <testcase classname="com.actitime.testscript.TaskModule" name="createTask" time="0.002"/>
  <testcase classname="com.actitime.testscript.TaskModule" name="deleteTask" time="0.004"/>
  <testcase classname="com.actitime.testscript.TaskModule" name="modifyTask" time="0.001"/>
</testsuite> <!-- Test -->
