<?xml version="1.0" encoding="UTF-8"?>
<testng-results ignored="0" total="1" passed="1" failed="0" skipped="0">
  <reporter-output>
  </reporter-output>
  <suite started-at="2023-12-03T13:08:52 IST" name="Default suite" finished-at="2023-12-03T13:08:59 IST" duration-ms="7402">
    <groups>
    </groups>
    <test started-at="2023-12-03T13:08:52 IST" name="Default test" finished-at="2023-12-03T13:08:59 IST" duration-ms="7402">
      <class name="demo_testng.DemoA">
        <test-method signature="test()[pri:0, instance:demo_testng.DemoA@7b98f307]" started-at="2023-12-03T13:08:52 IST" name="test" finished-at="2023-12-03T13:08:59 IST" duration-ms="7365" status="PASS">
          <reporter-output>
          </reporter-output>
        </test-method> <!-- test -->
      </class> <!-- demo_testng.DemoA -->
    </test> <!-- Default test -->
  </suite> <!-- Default suite -->
</testng-results>
