<?xml version="1.0" encoding="UTF-8"?>
<testng-results ignored="0" total="3" passed="3" failed="0" skipped="0">
  <reporter-output>
  </reporter-output>
  <suite started-at="2023-12-23T12:48:30 IST" name="Default suite" finished-at="2023-12-23T12:48:35 IST" duration-ms="5022">
    <groups>
    </groups>
    <test started-at="2023-12-23T12:48:30 IST" name="Default test" finished-at="2023-12-23T12:48:35 IST" duration-ms="5022">
      <class name="data_driven_testing.DemoB">
        <test-method signature="login(java.lang.String,java.lang.String,java.lang.String)[pri:0, instance:data_driven_testing.DemoB@7b98f307]" started-at="2023-12-23T12:48:30 IST" name="login" data-provider="loginCredentials" finished-at="2023-12-23T12:48:32 IST" duration-ms="1875" status="PASS">
          <params>
            <param index="0">
              <value>
                <![CDATA[http://localhost/login.do]]>
              </value>
            </param>
            <param index="1">
              <value>
                <![CDATA[admin]]>
              </value>
            </param>
            <param index="2">
              <value>
                <![CDATA[manager]]>
              </value>
            </param>
          </params>
          <reporter-output>
          </reporter-output>
        </test-method> <!-- login -->
        <test-method signature="login(java.lang.String,java.lang.String,java.lang.String)[pri:0, instance:data_driven_testing.DemoB@7b98f307]" started-at="2023-12-23T12:48:32 IST" name="login" data-provider="loginCredentials" finished-at="2023-12-23T12:48:34 IST" duration-ms="1635" status="PASS">
          <params>
            <param index="0">
              <value>
                <![CDATA[http://localhost/login.do]]>
              </value>
            </param>
            <param index="1">
              <value>
                <![CDATA[dinga]]>
              </value>
            </param>
            <param index="2">
              <value>
                <![CDATA[dingi]]>
              </value>
            </param>
          </params>
          <reporter-output>
          </reporter-output>
        </test-method> <!-- login -->
        <test-method signature="login(java.lang.String,java.lang.String,java.lang.String)[pri:0, instance:data_driven_testing.DemoB@7b98f307]" started-at="2023-12-23T12:48:34 IST" name="login" data-provider="loginCredentials" finished-at="2023-12-23T12:48:35 IST" duration-ms="1459" status="PASS">
          <params>
            <param index="0">
              <value>
                <![CDATA[http://localhost/login.do]]>
              </value>
            </param>
            <param index="1">
              <value>
                <![CDATA[admin]]>
              </value>
            </param>
            <param index="2">
              <value>
                <![CDATA[manager]]>
              </value>
            </param>
          </params>
          <reporter-output>
          </reporter-output>
        </test-method> <!-- login -->
      </class> <!-- data_driven_testing.DemoB -->
    </test> <!-- Default test -->
  </suite> <!-- Default suite -->
</testng-results>
